Arguments: 
  /Users/jeubank/.nvm/versions/node/v6.12.0/bin/node /Users/jeubank/.nvm/versions/node/v6.12.0/bin/yarn install

PATH: 
  /Users/jeubank/.nvm/versions/node/v6.12.0/bin:/usr/local/bin:/usr/bin:/bin:/usr/sbin:/sbin

Yarn version: 
  1.3.2

Node version: 
  6.12.0

Platform: 
  darwin x64

npm manifest: 
  {
    "name": "adventofcode2017",
    "version": "1.0.0",
    "main": "index.js",
    "author": "Jon Eubank",
    "license": "MIT",
    "devDependencies": {
      "eslint": "^4.12.1",
      "eslint-config-airbnb-base": "^12.1.0"
    },
    "eslintConfig": {
      "extends": "airbnb-base",
      "rules": {
        "comma-dangle": 0,
        "consistent-return": 0,
        "func-names": 0,
        "no-param-reassign": 0,
        "no-underscore-dangle": 0,
        "no-shadow": 0,
        "no-console": 0,
        "no-plusplus": 0,
        "no-unused-expressions": 0
      }
  }

yarn manifest: 
  No manifest

Lockfile: 
  No lockfile

Trace: 
  SyntaxError: /Users/jeubank/workspace/projects/adventofcode/2017/package.json: Unexpected end of JSON input
      at Object.parse (native)
      at /Users/jeubank/.nvm/versions/node/v6.12.0/lib/node_modules/yarn/lib/cli.js:770:59
      at next (native)
      at step (/Users/jeubank/.nvm/versions/node/v6.12.0/lib/node_modules/yarn/lib/cli.js:92:30)
      at /Users/jeubank/.nvm/versions/node/v6.12.0/lib/node_modules/yarn/lib/cli.js:103:13
